EasyGO2/app/build/intermediates/manifest_merge_blame_file/debug/manifest-merger-blame-debug-report.txt
1<?xml version="1.0" encoding="utf-8"?>
2<manifest xmlns:android="http://schemas.android.com/apk/res/android"
3    package="com.example.easygo"
4    android:versionCode="1"
5    android:versionName="1.0" >
6
7    <uses-sdk
8        android:minSdkVersion="28"
8-->src\main\AndroidManifest.xml
9        android:targetSdkVersion="32" />
9-->src\main\AndroidManifest.xml
10
11    <uses-permission android:name="android.permission.INTERNET" />
11-->src\main\AndroidManifest.xml:5:5-67
11-->src\main\AndroidManifest.xml:5:22-64
12    <uses-permission android:name="android.permission.READ_EXTERNAL_STORAGE" />
12-->src\main\AndroidManifest.xml:6:5-80
12-->src\main\AndroidManifest.xml:6:22-77
13
14    <application
14-->src\main\AndroidManifest.xml:8:5-169:19
15        android:allowBackup="true"
15-->src\main\AndroidManifest.xml:10:9-35
16        android:appComponentFactory="androidx.core.app.CoreComponentFactory"
16-->[androidx.core:core:1.8.0] AndroidManifest.xml:24:18-86
17        android:dataExtractionRules="@xml/data_extraction_rules"
17-->src\main\AndroidManifest.xml:11:9-65
18        android:debuggable="true"
19        android:extractNativeLibs="false"
20        android:fullBackupContent="@xml/backup_rules"
20-->src\main\AndroidManifest.xml:12:9-54
21        android:icon="@drawable/logo"
21-->src\main\AndroidManifest.xml:13:9-38
22        android:label="@string/app_name"
22-->src\main\AndroidManifest.xml:14:9-41
23        android:roundIcon="@mipmap/ic_launcher_round"
23-->src\main\AndroidManifest.xml:15:9-54
24        android:supportsRtl="true"
24-->src\main\AndroidManifest.xml:16:9-35
25        android:testOnly="true"
26        android:theme="@style/Theme.EasyGO"
26-->src\main\AndroidManifest.xml:17:9-44
27        android:usesCleartextTraffic="true" >
27-->src\main\AndroidManifest.xml:9:9-44
28        <activity
28-->src\main\AndroidManifest.xml:19:9-25:20
29            android:name="com.example.easygo.passenger.rideorder.RideOrderActivity"
29-->src\main\AndroidManifest.xml:20:13-66
30            android:exported="false" >
30-->src\main\AndroidManifest.xml:21:13-37
31            <meta-data
31-->src\main\AndroidManifest.xml:22:13-24:36
32                android:name="android.app.lib_name"
32-->src\main\AndroidManifest.xml:23:17-52
33                android:value="" />
33-->src\main\AndroidManifest.xml:24:17-33
34        </activity>
35        <activity
35-->src\main\AndroidManifest.xml:26:9-32:20
36            android:name="com.example.easygo.passenger.PassengerGradeRideActivity"
36-->src\main\AndroidManifest.xml:27:13-65
37            android:exported="false" >
37-->src\main\AndroidManifest.xml:28:13-37
38            <meta-data
38-->src\main\AndroidManifest.xml:22:13-24:36
39                android:name="android.app.lib_name"
39-->src\main\AndroidManifest.xml:23:17-52
40                android:value="" />
40-->src\main\AndroidManifest.xml:24:17-33
41        </activity>
42        <activity
42-->src\main\AndroidManifest.xml:33:9-39:20
43            android:name="com.example.easygo.passenger.PassengerReportActivity"
43-->src\main\AndroidManifest.xml:34:13-62
44            android:exported="false" >
44-->src\main\AndroidManifest.xml:35:13-37
45            <meta-data
45-->src\main\AndroidManifest.xml:22:13-24:36
46                android:name="android.app.lib_name"
46-->src\main\AndroidManifest.xml:23:17-52
47                android:value="" />
47-->src\main\AndroidManifest.xml:24:17-33
48        </activity>
49        <activity
49-->src\main\AndroidManifest.xml:40:9-46:20
50            android:name="com.example.easygo.passenger.PassengerAccountActivity"
50-->src\main\AndroidManifest.xml:41:13-63
51            android:exported="false" >
51-->src\main\AndroidManifest.xml:42:13-37
52            <meta-data
52-->src\main\AndroidManifest.xml:22:13-24:36
53                android:name="android.app.lib_name"
53-->src\main\AndroidManifest.xml:23:17-52
54                android:value="" />
54-->src\main\AndroidManifest.xml:24:17-33
55        </activity>
56
57        <receiver
57-->src\main\AndroidManifest.xml:48:9-51:39
58            android:name="com.example.easygo.reciever.MessageReceiver"
58-->src\main\AndroidManifest.xml:49:13-53
59            android:enabled="true"
59-->src\main\AndroidManifest.xml:50:13-35
60            android:exported="true" />
60-->src\main\AndroidManifest.xml:51:13-36
61
62        <service
62-->src\main\AndroidManifest.xml:53:9-56:39
63            android:name="com.example.easygo.driver.DriverMessageService"
63-->src\main\AndroidManifest.xml:54:13-56
64            android:enabled="true"
64-->src\main\AndroidManifest.xml:55:13-35
65            android:exported="true" />
65-->src\main\AndroidManifest.xml:56:13-36
66
67        <activity
67-->src\main\AndroidManifest.xml:58:9-66:20
68            android:name="com.example.easygo.passenger.MessageDetailActivity"
68-->src\main\AndroidManifest.xml:59:13-60
69            android:exported="false"
69-->src\main\AndroidManifest.xml:60:13-37
70            android:label="@string/title_activity_message_detail"
70-->src\main\AndroidManifest.xml:61:13-66
71            android:theme="@style/Theme.EasyGO.NoActionBar" >
71-->src\main\AndroidManifest.xml:62:13-60
72            <meta-data
72-->src\main\AndroidManifest.xml:22:13-24:36
73                android:name="android.app.lib_name"
73-->src\main\AndroidManifest.xml:23:17-52
74                android:value="" />
74-->src\main\AndroidManifest.xml:24:17-33
75        </activity>
76        <activity
76-->src\main\AndroidManifest.xml:67:9-73:20
77            android:name="com.example.easygo.driver.DriverProfileActivity"
77-->src\main\AndroidManifest.xml:68:13-57
78            android:exported="false" >
78-->src\main\AndroidManifest.xml:69:13-37
79            <meta-data
79-->src\main\AndroidManifest.xml:22:13-24:36
80                android:name="android.app.lib_name"
80-->src\main\AndroidManifest.xml:23:17-52
81                android:value="" />
81-->src\main\AndroidManifest.xml:24:17-33
82        </activity>
83
84        <meta-data
84-->src\main\AndroidManifest.xml:75:9-77:32
85            android:name="com.google.android.actions"
85-->src\main\AndroidManifest.xml:76:13-54
86            android:value="" />
86-->src\main\AndroidManifest.xml:77:13-29
87
88        <activity
88-->src\main\AndroidManifest.xml:79:9-85:20
89            android:name="com.example.easygo.passenger.PassengerProfileActivity"
89-->src\main\AndroidManifest.xml:80:13-63
90            android:exported="false" >
90-->src\main\AndroidManifest.xml:81:13-37
91            <meta-data
91-->src\main\AndroidManifest.xml:22:13-24:36
92                android:name="android.app.lib_name"
92-->src\main\AndroidManifest.xml:23:17-52
93                android:value="" />
93-->src\main\AndroidManifest.xml:24:17-33
94        </activity>
95        <activity
95-->src\main\AndroidManifest.xml:86:9-92:20
96            android:name="com.example.easygo.passenger.PassengerRideHistoryActivity"
96-->src\main\AndroidManifest.xml:87:13-67
97            android:exported="false" >
97-->src\main\AndroidManifest.xml:88:13-37
98            <meta-data
98-->src\main\AndroidManifest.xml:22:13-24:36
99                android:name="android.app.lib_name"
99-->src\main\AndroidManifest.xml:23:17-52
100                android:value="" />
100-->src\main\AndroidManifest.xml:24:17-33
101        </activity>
102        <activity
102-->src\main\AndroidManifest.xml:93:9-99:20
103            android:name="com.example.easygo.passenger.PassengerHistoryActivity"
103-->src\main\AndroidManifest.xml:94:13-63
104            android:exported="false" >
104-->src\main\AndroidManifest.xml:95:13-37
105            <meta-data
105-->src\main\AndroidManifest.xml:22:13-24:36
106                android:name="android.app.lib_name"
106-->src\main\AndroidManifest.xml:23:17-52
107                android:value="" />
107-->src\main\AndroidManifest.xml:24:17-33
108        </activity>
109        <activity
109-->src\main\AndroidManifest.xml:100:9-106:20
110            android:name="com.example.easygo.driver.DriverInboxActivity"
110-->src\main\AndroidManifest.xml:101:13-55
111            android:exported="false" >
111-->src\main\AndroidManifest.xml:102:13-37
112            <meta-data
112-->src\main\AndroidManifest.xml:22:13-24:36
113                android:name="android.app.lib_name"
113-->src\main\AndroidManifest.xml:23:17-52
114                android:value="" />
114-->src\main\AndroidManifest.xml:24:17-33
115        </activity>
116        <activity
116-->src\main\AndroidManifest.xml:107:9-113:20
117            android:name="com.example.easygo.driver.DriverHistoryActivity"
117-->src\main\AndroidManifest.xml:108:13-57
118            android:exported="false" >
118-->src\main\AndroidManifest.xml:109:13-37
119            <meta-data
119-->src\main\AndroidManifest.xml:22:13-24:36
120                android:name="android.app.lib_name"
120-->src\main\AndroidManifest.xml:23:17-52
121                android:value="" />
121-->src\main\AndroidManifest.xml:24:17-33
122        </activity>
123        <activity
123-->src\main\AndroidManifest.xml:114:9-120:20
124            android:name="com.example.easygo.driver.DriverAccountActivity"
124-->src\main\AndroidManifest.xml:115:13-57
125            android:exported="false" >
125-->src\main\AndroidManifest.xml:116:13-37
126            <meta-data
126-->src\main\AndroidManifest.xml:22:13-24:36
127                android:name="android.app.lib_name"
127-->src\main\AndroidManifest.xml:23:17-52
128                android:value="" />
128-->src\main\AndroidManifest.xml:24:17-33
129        </activity>
130        <activity
130-->src\main\AndroidManifest.xml:121:9-127:20
131            android:name="com.example.easygo.driver.DriverMainActivity"
131-->src\main\AndroidManifest.xml:122:13-54
132            android:exported="false" >
132-->src\main\AndroidManifest.xml:123:13-37
133            <meta-data
133-->src\main\AndroidManifest.xml:22:13-24:36
134                android:name="android.app.lib_name"
134-->src\main\AndroidManifest.xml:23:17-52
135                android:value="" />
135-->src\main\AndroidManifest.xml:24:17-33
136        </activity>
137        <activity
137-->src\main\AndroidManifest.xml:128:9-134:20
138            android:name="com.example.easygo.passenger.PassengerInboxActivity"
138-->src\main\AndroidManifest.xml:129:13-61
139            android:exported="false" >
139-->src\main\AndroidManifest.xml:130:13-37
140            <meta-data
140-->src\main\AndroidManifest.xml:22:13-24:36
141                android:name="android.app.lib_name"
141-->src\main\AndroidManifest.xml:23:17-52
142                android:value="" />
142-->src\main\AndroidManifest.xml:24:17-33
143        </activity>
144        <activity
144-->src\main\AndroidManifest.xml:135:9-141:20
145            android:name="com.example.easygo.passenger.PassengerMainActivity"
145-->src\main\AndroidManifest.xml:136:13-60
146            android:exported="false" >
146-->src\main\AndroidManifest.xml:137:13-37
147            <meta-data
147-->src\main\AndroidManifest.xml:22:13-24:36
148                android:name="android.app.lib_name"
148-->src\main\AndroidManifest.xml:23:17-52
149                android:value="" />
149-->src\main\AndroidManifest.xml:24:17-33
150        </activity>
151        <activity
151-->src\main\AndroidManifest.xml:142:9-148:20
152            android:name="com.example.easygo.passenger.PassengerRegisterActivity"
152-->src\main\AndroidManifest.xml:143:13-64
153            android:exported="false" >
153-->src\main\AndroidManifest.xml:144:13-37
154            <meta-data
154-->src\main\AndroidManifest.xml:22:13-24:36
155                android:name="android.app.lib_name"
155-->src\main\AndroidManifest.xml:23:17-52
156                android:value="" />
156-->src\main\AndroidManifest.xml:24:17-33
157        </activity>
158        <activity
158-->src\main\AndroidManifest.xml:149:9-155:20
159            android:name="com.example.easygo.UserLoginActivity"
159-->src\main\AndroidManifest.xml:150:13-46
160            android:exported="false" >
160-->src\main\AndroidManifest.xml:151:13-37
161            <meta-data
161-->src\main\AndroidManifest.xml:22:13-24:36
162                android:name="android.app.lib_name"
162-->src\main\AndroidManifest.xml:23:17-52
163                android:value="" />
163-->src\main\AndroidManifest.xml:24:17-33
164        </activity>
165        <activity
165-->src\main\AndroidManifest.xml:156:9-168:20
166            android:name="com.example.easygo.SplashActivity"
166-->src\main\AndroidManifest.xml:157:13-43
167            android:exported="true" >
167-->src\main\AndroidManifest.xml:158:13-36
168            <intent-filter>
168-->src\main\AndroidManifest.xml:159:13-163:29
169                <action android:name="android.intent.action.MAIN" />
169-->src\main\AndroidManifest.xml:160:17-69
169-->src\main\AndroidManifest.xml:160:25-66
170
171                <category android:name="android.intent.category.LAUNCHER" />
171-->src\main\AndroidManifest.xml:162:17-77
171-->src\main\AndroidManifest.xml:162:27-74
172            </intent-filter>
173
174            <meta-data
174-->src\main\AndroidManifest.xml:22:13-24:36
175                android:name="android.app.lib_name"
175-->src\main\AndroidManifest.xml:23:17-52
176                android:value="" />
176-->src\main\AndroidManifest.xml:24:17-33
177        </activity>
178
179        <provider
179-->[androidx.emoji2:emoji2:1.2.0] AndroidManifest.xml:24:9-32:20
180            android:name="androidx.startup.InitializationProvider"
180-->[androidx.emoji2:emoji2:1.2.0] AndroidManifest.xml:25:13-67
181            android:authorities="com.example.easygo.androidx-startup"
181-->[androidx.emoji2:emoji2:1.2.0] AndroidManifest.xml:26:13-68
182            android:exported="false" >
182-->[androidx.emoji2:emoji2:1.2.0] AndroidManifest.xml:27:13-37
183            <meta-data
183-->[androidx.emoji2:emoji2:1.2.0] AndroidManifest.xml:29:13-31:52
184                android:name="androidx.emoji2.text.EmojiCompatInitializer"
184-->[androidx.emoji2:emoji2:1.2.0] AndroidManifest.xml:30:17-75
185                android:value="androidx.startup" />
185-->[androidx.emoji2:emoji2:1.2.0] AndroidManifest.xml:31:17-49
186            <meta-data
186-->[androidx.lifecycle:lifecycle-process:2.4.1] AndroidManifest.xml:31:13-33:52
187                android:name="androidx.lifecycle.ProcessLifecycleInitializer"
187-->[androidx.lifecycle:lifecycle-process:2.4.1] AndroidManifest.xml:32:17-78
188                android:value="androidx.startup" />
188-->[androidx.lifecycle:lifecycle-process:2.4.1] AndroidManifest.xml:33:17-49
189        </provider>
190    </application>
191
192</manifest>